<?xml version="1.0" encoding="UTF-8"?>
<!-- Generated by org.testng.reporters.JUnitReportReporter -->
<testsuite hostname="TRAININGPC" name="com.test.PrimeNumberTest" tests="2" failures="0" timestamp="16 Sep 2015 18:34:46 GMT" time="0.019" errors="0">
  <testcase name="testMethod1" time="0.017" classname="com.test.PrimeNumberTest"/>
  <testcase name="testMethod1" time="0.002" classname="com.test.PrimeNumberTest"/>
</testsuite> <!-- com.test.PrimeNumberTest -->
