<?xml version="1.0" encoding="UTF-8"?>
<!-- Generated by org.testng.reporters.JUnitReportReporter -->
<testsuite hostname="TRAININGPC" name="com.test.PrintMessageTest" tests="1" failures="0" timestamp="16 Sep 2015 18:48:24 GMT" time="0.016" errors="0">
  <testcase name="testParameters" time="0.016" classname="com.test.PrintMessageTest"/>
</testsuite> <!-- com.test.PrintMessageTest -->
