<?xml version="1.0" encoding="UTF-8"?>
<!-- Generated by org.testng.reporters.JUnitReportReporter -->
<testsuite hostname="TRAININGPC" name="com.test.HomePageTest" tests="2" failures="0" timestamp="4 Feb 2016 19:59:17 GMT" time="1.112" errors="0">
  <testcase name="testCountSocialIcons" time="0.211" classname="com.test.HomePageTest"/>
  <testcase name="testLoginClick" time="0.901" classname="com.test.HomePageTest"/>
</testsuite> <!-- com.test.HomePageTest -->
