<?xml version="1.0" encoding="UTF-8"?>
<!-- Generated by org.testng.reporters.JUnitReportReporter -->
<testsuite hostname="ShilpiPC" name="com.test.RegisterPageTest" tests="1" failures="0" timestamp="17 Sep 2015 18:41:21 GMT" time="10.007" errors="0">
  <testcase name="testValidateRegistration" time="10.007" classname="com.test.RegisterPageTest"/>
</testsuite> <!-- com.test.RegisterPageTest -->
