<?xml version="1.0" encoding="UTF-8"?>
<!-- Generated by org.testng.reporters.JUnitReportReporter -->
<testsuite hostname="TRAININGPC" name="com.test.LoginPage_PFTest" tests="1" failures="0" timestamp="2 Feb 2016 20:28:30 GMT" time="7.603" errors="0">
  <testcase name="method1" time="7.603" classname="com.test.LoginPage_PFTest"/>
</testsuite> <!-- com.test.LoginPage_PFTest -->
