<?xml version="1.0" encoding="UTF-8"?>
<!-- Generated by org.testng.reporters.JUnitReportReporter -->
<testsuite hostname="TRAININGPC" name="com.test.StringOpTest" tests="2" failures="0" timestamp="24 Mar 2016 20:12:09 GMT" time="23.800" errors="0">
  <testcase name="method1" time="4.887" classname="com.test.StringOpTest"/>
  <testcase name="method2" time="18.913" classname="com.test.StringOpTest"/>
</testsuite> <!-- com.test.StringOpTest -->
