<?xml version="1.0" encoding="UTF-8"?>
<!-- Generated by org.testng.reporters.JUnitReportReporter -->
<testsuite hostname="TRAININGPC" name="com.test.JunitTest" tests="1" failures="0" timestamp="24 Mar 2016 21:22:05 GMT" time="0.014" errors="0">
  <testcase name="method1" time="0.014" classname="com.test.JunitTest"/>
</testsuite> <!-- com.test.JunitTest -->
