<?xml version="1.0" encoding="UTF-8"?>
<!-- Generated by org.testng.reporters.JUnitReportReporter -->
<testsuite hostname="TRAININGPC" name="com.test.StringOpSmokeTest" tests="1" failures="0" timestamp="24 Mar 2016 20:12:09 GMT" time="0.007" errors="0">
  <testcase name="method1" time="0.007" classname="com.test.StringOpSmokeTest"/>
</testsuite> <!-- com.test.StringOpSmokeTest -->
