<?xml version="1.0" encoding="UTF-8"?>
<!-- Generated by org.testng.reporters.JUnitReportReporter -->
<testsuite hostname="TRAININGPC" name="com.test.StringSortTest" tests="2" failures="0" timestamp="22 Jan 2016 20:13:31 GMT" time="0.013" errors="0">
  <testcase name="method2" time="0.012" classname="com.test.StringSortTest"/>
  <testcase name="method2" time="0.001" classname="com.test.StringSortTest"/>
</testsuite> <!-- com.test.StringSortTest -->
