<?xml version="1.0" encoding="UTF-8"?>
<!-- Generated by org.testng.reporters.JUnitReportReporter -->
<testsuite hostname="TRAININGPC" name="com.test.StringOperationsNegTest" tests="1" failures="0" timestamp="20 Jan 2016 20:20:32 GMT" time="0.001" errors="0">
  <testcase name="method7" time="0.001" classname="com.test.StringOperationsNegTest"/>
</testsuite> <!-- com.test.StringOperationsNegTest -->
